\BOOKMARK [1][-]{section.1}{\376\377\000I\000n\000t\000r\000o\000d\000u\000c\000c\000i\000o\000n}{}% 1
\BOOKMARK [1][-]{section.2}{\376\377\000D\000a\000t\000o\000s\000\040\000y\000\040\000P\000r\000e\000p\000r\000o\000c\000e\000s\000a\000m\000i\000e\000n\000t\000o}{}% 2
\BOOKMARK [2][-]{subsection.2.1}{\376\377\000D\000a\000t\000a\000s\000e\000t\000s\000\040\000d\000e\000\040\000o\000r\000i\000g\000e\000n}{section.2}% 3
\BOOKMARK [2][-]{subsection.2.2}{\376\377\000R\000u\000t\000a\000s\000\040\000d\000e\000\040\000p\000r\000e\000p\000r\000o\000c\000e\000s\000a\000m\000i\000e\000n\000t\000o\000\040\000a\000c\000t\000u\000a\000l\000i\000z\000a\000d\000a\000s}{section.2}% 4
\BOOKMARK [1][-]{section.3}{\376\377\000M\000e\000t\000o\000d\000o\000l\000o\000g\000i\000a}{}% 5
\BOOKMARK [2][-]{subsection.3.1}{\376\377\000F\000o\000r\000m\000u\000l\000a\000c\000i\000o\000n}{section.3}% 6
\BOOKMARK [2][-]{subsection.3.2}{\376\377\000R\000e\000p\000r\000e\000s\000e\000n\000t\000a\000c\000i\000o\000n\000\040\000y\000\040\000r\000e\000t\000r\000i\000e\000v\000a\000l}{section.3}% 7
\BOOKMARK [2][-]{subsection.3.3}{\376\377\000D\000e\000t\000e\000c\000c\000i\000o\000n\000\040\000p\000o\000r\000\040\000r\000e\000g\000i\000o\000n\000e\000s}{section.3}% 8
\BOOKMARK [2][-]{subsection.3.4}{\376\377\000R\000e\000r\000a\000n\000k\000i\000n\000g}{section.3}% 9
\BOOKMARK [2][-]{subsection.3.5}{\376\377\000I\000n\000v\000e\000n\000t\000a\000r\000i\000o\000\040\000d\000e\000\040\000i\000d\000e\000a\000s\000\040\000i\000m\000p\000l\000e\000m\000e\000n\000t\000a\000d\000a\000s}{section.3}% 10
\BOOKMARK [1][-]{section.4}{\376\377\000D\000e\000t\000a\000l\000l\000e\000s\000\040\000d\000e\000\040\000I\000m\000p\000l\000e\000m\000e\000n\000t\000a\000c\000i\000o\000n}{}% 11
\BOOKMARK [2][-]{subsection.4.1}{\376\377\000C\000o\000n\000f\000i\000g\000u\000r\000a\000c\000i\000o\000n\000\040\000y\000\040\000e\000n\000t\000r\000y\000p\000o\000i\000n\000t\000s}{section.4}% 12
\BOOKMARK [2][-]{subsection.4.2}{\376\377\000M\000a\000p\000a\000\040\000d\000e\000\040\000m\000o\000d\000u\000l\000o\000s\000\040\000\050\000r\000u\000t\000a\000s\000\040\000v\000i\000g\000e\000n\000t\000e\000s\000\051}{section.4}% 13
\BOOKMARK [1][-]{section.5}{\376\377\000P\000l\000a\000n\000\040\000E\000x\000p\000e\000r\000i\000m\000e\000n\000t\000a\000l}{}% 14
\BOOKMARK [2][-]{subsection.5.1}{\376\377\000O\000b\000j\000e\000t\000i\000v\000o}{section.5}% 15
\BOOKMARK [2][-]{subsection.5.2}{\376\377\000M\000a\000t\000r\000i\000z\000\040\000d\000e\000\040\000p\000r\000u\000e\000b\000a\000s}{section.5}% 16
\BOOKMARK [2][-]{subsection.5.3}{\376\377\000A\000r\000t\000e\000f\000a\000c\000t\000o\000s\000\040\000p\000o\000r\000\040\000c\000o\000r\000r\000i\000d\000a}{section.5}% 17
\BOOKMARK [1][-]{section.6}{\376\377\000R\000e\000p\000r\000o\000d\000u\000c\000i\000b\000i\000l\000i\000d\000a\000d}{}% 18
\BOOKMARK [2][-]{subsection.6.1}{\376\377\000E\000n\000t\000o\000r\000n\000o}{section.6}% 19
\BOOKMARK [2][-]{subsection.6.2}{\376\377\000C\000o\000n\000f\000i\000g\000u\000r\000a\000c\000i\000o\000n\000\040\000c\000e\000n\000t\000r\000a\000l\000i\000z\000a\000d\000a}{section.6}% 20
\BOOKMARK [2][-]{subsection.6.3}{\376\377\000R\000u\000t\000a\000s\000\040\000d\000e\000\040\000u\000t\000i\000l\000i\000d\000a\000d\000e\000s}{section.6}% 21
\BOOKMARK [1][-]{section.7}{\376\377\000L\000i\000m\000i\000t\000a\000c\000i\000o\000n\000e\000s\000\040\000y\000\040\000R\000i\000e\000s\000g\000o\000s}{}% 22
\BOOKMARK [1][-]{section.8}{\376\377\000C\000o\000n\000c\000l\000u\000s\000i\000o\000n\000e\000s}{}% 23
\BOOKMARK [1][-]{section*.1}{\376\377\000R\000e\000f\000e\000r\000e\000n\000c\000e\000s}{}% 24
\BOOKMARK [1][-]{section*.2}{\376\377\000A\000p\000p\000e\000n\000d\000i\000x}{}% 25
\BOOKMARK [2][-]{subsection.Appendix.A.1}{\376\377\000I\000n\000s\000t\000a\000l\000a\000c\000i\000o\000n}{section*.2}% 26
\BOOKMARK [2][-]{subsection.Appendix.A.2}{\376\377\000D\000e\000s\000c\000a\000r\000g\000a\000\040\000d\000e\000\040\000i\000m\000a\000g\000e\000n\000e\000s}{section*.2}% 27
\BOOKMARK [2][-]{subsection.Appendix.A.3}{\376\377\000P\000r\000e\000p\000r\000o\000c\000e\000s\000a\000m\000i\000e\000n\000t\000o}{section*.2}% 28
\BOOKMARK [2][-]{subsection.Appendix.A.4}{\376\377\000A\000u\000m\000e\000n\000t\000o\000\040\000o\000f\000f\000l\000i\000n\000e}{section*.2}% 29
\BOOKMARK [2][-]{subsection.Appendix.A.5}{\376\377\000G\000e\000n\000e\000r\000a\000c\000i\000o\000n\000\040\000d\000e\000\040\000g\000e\000n\000e\000r\000o\000\040\000p\000o\000r\000\040\000p\000r\000o\000d\000u\000c\000t\000o}{section*.2}% 30
\BOOKMARK [2][-]{subsection.Appendix.A.6}{\376\377\000E\000n\000t\000r\000e\000n\000a\000m\000i\000e\000n\000t\000o}{section*.2}% 31
\BOOKMARK [2][-]{subsection.Appendix.A.7}{\376\377\000I\000n\000f\000e\000r\000e\000n\000c\000i\000a\000\040\000p\000r\000i\000n\000c\000i\000p\000a\000l}{section*.2}% 32
\BOOKMARK [2][-]{subsection.Appendix.A.8}{\376\377\000I\000n\000f\000e\000r\000e\000n\000c\000i\000a\000\040\000v\0008}{section*.2}% 33
\BOOKMARK [2][-]{subsection.Appendix.A.9}{\376\377\000I\000n\000f\000e\000r\000e\000n\000c\000i\000a\000\040\000P\000h\000a\000s\000e\000\040\0001}{section*.2}% 34
\BOOKMARK [2][-]{subsection.Appendix.A.10}{\376\377\000I\000n\000f\000e\000r\000e\000n\000c\000i\000a\000\040\000T\000o\000p\000-\0001}{section*.2}% 35
\BOOKMARK [2][-]{subsection.Appendix.A.11}{\376\377\000I\000n\000f\000e\000r\000e\000n\000c\000i\000a\000\040\000O\000p\000e\000n\000C\000L\000I\000P\000\040\000l\000e\000g\000a\000c\000y}{section*.2}% 36
\BOOKMARK [2][-]{subsection.Appendix.A.12}{\376\377\000R\000e\000r\000a\000n\000k\000e\000r\000\040\000M\000L\000P}{section*.2}% 37
\BOOKMARK [2][-]{subsection.Appendix.A.13}{\376\377\000E\000n\000s\000e\000m\000b\000l\000e\000\040\000R\000R\000F}{section*.2}% 38
\BOOKMARK [2][-]{subsection.Appendix.A.14}{\376\377\000R\000e\000p\000o\000r\000t\000e\000\040\000d\000e\000\040\000t\000i\000m\000e\000s\000t\000a\000m\000p\000s}{section*.2}% 39
