This is pdfTeX, Version 3.141592653-2.6-1.40.25 (TeX Live 2023/Debian) (preloaded format=pdflatex 2025.12.12)  1 MAR 2026 08:36
entering extended mode
 restricted \write18 enabled.
 %&-line parsing enabled.
**main.tex
(./main.tex
LaTeX2e <2023-11-01> patch level 1
L3 programming layer <2024-01-22>
(/usr/share/texlive/texmf-dist/tex/latex/ieeetran/IEEEtran.cls
Document Class: IEEEtran 2015/08/26 V1.8b by Michael Shell
-- See the "IEEEtran_HOWTO" manual for usage information.
-- http://www.michaelshell.org/tex/ieeetran/
\@IEEEtrantmpdimenA=\dimen140
\@IEEEtrantmpdimenB=\dimen141
\@IEEEtrantmpdimenC=\dimen142
\@IEEEtrantmpcountA=\count187
\@IEEEtrantmpcountB=\count188
\@IEEEtrantmpcountC=\count189
\@IEEEtrantmptoksA=\toks17
LaTeX Font Info:    Trying to load font information for OT1+ptm on input line 5
03.
(/usr/share/texlive/texmf-dist/tex/latex/psnfss/ot1ptm.fd
File: ot1ptm.fd 2001/06/04 font definitions for OT1/ptm.
)
-- Using 8.5in x 11in (letter) paper.
-- Using PDF output.
\@IEEEnormalsizeunitybaselineskip=\dimen143
-- This is a 10 point document.
\CLASSINFOnormalsizebaselineskip=\dimen144
\CLASSINFOnormalsizeunitybaselineskip=\dimen145
\IEEEnormaljot=\dimen146
LaTeX Font Info:    Font shape `OT1/ptm/bx/n' in size <5> not available
(Font)              Font shape `OT1/ptm/b/n' tried instead on input line 1090.
LaTeX Font Info:    Font shape `OT1/ptm/bx/it' in size <5> not available
(Font)              Font shape `OT1/ptm/b/it' tried instead on input line 1090.

LaTeX Font Info:    Font shape `OT1/ptm/bx/n' in size <7> not available
(Font)              Font shape `OT1/ptm/b/n' tried instead on input line 1090.
LaTeX Font Info:    Font shape `OT1/ptm/bx/it' in size <7> not available
(Font)              Font shape `OT1/ptm/b/it' tried instead on input line 1090.

LaTeX Font Info:    Font shape `OT1/ptm/bx/n' in size <8> not available
(Font)              Font shape `OT1/ptm/b/n' tried instead on input line 1090.
LaTeX Font Info:    Font shape `OT1/ptm/bx/it' in size <8> not available
(Font)              Font shape `OT1/ptm/b/it' tried instead on input line 1090.

LaTeX Font Info:    Font shape `OT1/ptm/bx/n' in size <9> not available
(Font)              Font shape `OT1/ptm/b/n' tried instead on input line 1090.
LaTeX Font Info:    Font shape `OT1/ptm/bx/it' in size <9> not available
(Font)              Font shape `OT1/ptm/b/it' tried instead on input line 1090.

LaTeX Font Info:    Font shape `OT1/ptm/bx/n' in size <10> not available
(Font)              Font shape `OT1/ptm/b/n' tried instead on input line 1090.
LaTeX Font Info:    Font shape `OT1/ptm/bx/it' in size <10> not available
(Font)              Font shape `OT1/ptm/b/it' tried instead on input line 1090.

LaTeX Font Info:    Font shape `OT1/ptm/bx/n' in size <11> not available
(Font)              Font shape `OT1/ptm/b/n' tried instead on input line 1090.
LaTeX Font Info:    Font shape `OT1/ptm/bx/it' in size <11> not available
(Font)              Font shape `OT1/ptm/b/it' tried instead on input line 1090.

LaTeX Font Info:    Font shape `OT1/ptm/bx/n' in size <12> not available
(Font)              Font shape `OT1/ptm/b/n' tried instead on input line 1090.
LaTeX Font Info:    Font shape `OT1/ptm/bx/it' in size <12> not available
(Font)              Font shape `OT1/ptm/b/it' tried instead on input line 1090.

LaTeX Font Info:    Font shape `OT1/ptm/bx/n' in size <17> not available
(Font)              Font shape `OT1/ptm/b/n' tried instead on input line 1090.
LaTeX Font Info:    Font shape `OT1/ptm/bx/it' in size <17> not available
(Font)              Font shape `OT1/ptm/b/it' tried instead on input line 1090.

LaTeX Font Info:    Font shape `OT1/ptm/bx/n' in size <20> not available
(Font)              Font shape `OT1/ptm/b/n' tried instead on input line 1090.
LaTeX Font Info:    Font shape `OT1/ptm/bx/it' in size <20> not available
(Font)              Font shape `OT1/ptm/b/it' tried instead on input line 1090.

LaTeX Font Info:    Font shape `OT1/ptm/bx/n' in size <24> not available
(Font)              Font shape `OT1/ptm/b/n' tried instead on input line 1090.
LaTeX Font Info:    Font shape `OT1/ptm/bx/it' in size <24> not available
(Font)              Font shape `OT1/ptm/b/it' tried instead on input line 1090.

\IEEEquantizedlength=\dimen147
\IEEEquantizedlengthdiff=\dimen148
\IEEEquantizedtextheightdiff=\dimen149
\IEEEilabelindentA=\dimen150
\IEEEilabelindentB=\dimen151
\IEEEilabelindent=\dimen152
\IEEEelabelindent=\dimen153
\IEEEdlabelindent=\dimen154
\IEEElabelindent=\dimen155
\IEEEiednormlabelsep=\dimen156
\IEEEiedmathlabelsep=\dimen157
\IEEEiedtopsep=\skip48
\c@section=\count190
\c@subsection=\count191
\c@subsubsection=\count192
\c@paragraph=\count193
\c@IEEEsubequation=\count194
\abovecaptionskip=\skip49
\belowcaptionskip=\skip50
\c@figure=\count195
\c@table=\count196
\@IEEEeqnnumcols=\count197
\@IEEEeqncolcnt=\count198
\@IEEEsubeqnnumrollback=\count199
\@IEEEquantizeheightA=\dimen158
\@IEEEquantizeheightB=\dimen159
\@IEEEquantizeheightC=\dimen160
\@IEEEquantizeprevdepth=\dimen161
\@IEEEquantizemultiple=\count266
\@IEEEquantizeboxA=\box51
\@IEEEtmpitemindent=\dimen162
\IEEEPARstartletwidth=\dimen163
\c@IEEEbiography=\count267
\@IEEEtranrubishbin=\box52
) (/usr/share/texlive/texmf-dist/tex/latex/base/fontenc.sty
Package: fontenc 2021/04/29 v2.0v Standard LaTeX package
LaTeX Font Info:    Trying to load font information for T1+ptm on input line 11
2.

(/usr/share/texlive/texmf-dist/tex/latex/psnfss/t1ptm.fd
File: t1ptm.fd 2001/06/04 font definitions for T1/ptm.
))
(/usr/share/texlive/texmf-dist/tex/latex/base/inputenc.sty
Package: inputenc 2021/02/14 v1.3d Input encoding file
\inpenc@prehook=\toks18
\inpenc@posthook=\toks19
)
(/usr/share/texmf/tex/latex/lm/lmodern.sty
Package: lmodern 2015/05/01 v1.6.1 Latin Modern Fonts
LaTeX Font Info:    Overwriting symbol font `operators' in version `normal'
(Font)                  OT1/cmr/m/n --> OT1/lmr/m/n on input line 22.
LaTeX Font Info:    Overwriting symbol font `letters' in version `normal'
(Font)                  OML/cmm/m/it --> OML/lmm/m/it on input line 23.
LaTeX Font Info:    Overwriting symbol font `symbols' in version `normal'
(Font)                  OMS/cmsy/m/n --> OMS/lmsy/m/n on input line 24.
LaTeX Font Info:    Overwriting symbol font `largesymbols' in version `normal'
(Font)                  OMX/cmex/m/n --> OMX/lmex/m/n on input line 25.
LaTeX Font Info:    Overwriting symbol font `operators' in version `bold'
(Font)                  OT1/cmr/bx/n --> OT1/lmr/bx/n on input line 26.
LaTeX Font Info:    Overwriting symbol font `letters' in version `bold'
(Font)                  OML/cmm/b/it --> OML/lmm/b/it on input line 27.
LaTeX Font Info:    Overwriting symbol font `symbols' in version `bold'
(Font)                  OMS/cmsy/b/n --> OMS/lmsy/b/n on input line 28.
LaTeX Font Info:    Overwriting symbol font `largesymbols' in version `bold'
(Font)                  OMX/cmex/m/n --> OMX/lmex/m/n on input line 29.
LaTeX Font Info:    Overwriting math alphabet `\mathbf' in version `normal'
(Font)                  OT1/cmr/bx/n --> OT1/lmr/bx/n on input line 31.
LaTeX Font Info:    Overwriting math alphabet `\mathsf' in version `normal'
(Font)                  OT1/cmss/m/n --> OT1/lmss/m/n on input line 32.
LaTeX Font Info:    Overwriting math alphabet `\mathit' in version `normal'
(Font)                  OT1/cmr/m/it --> OT1/lmr/m/it on input line 33.
LaTeX Font Info:    Overwriting math alphabet `\mathtt' in version `normal'
(Font)                  OT1/cmtt/m/n --> OT1/lmtt/m/n on input line 34.
LaTeX Font Info:    Overwriting math alphabet `\mathbf' in version `bold'
(Font)                  OT1/cmr/bx/n --> OT1/lmr/bx/n on input line 35.
LaTeX Font Info:    Overwriting math alphabet `\mathsf' in version `bold'
(Font)                  OT1/cmss/bx/n --> OT1/lmss/bx/n on input line 36.
LaTeX Font Info:    Overwriting math alphabet `\mathit' in version `bold'
(Font)                  OT1/cmr/bx/it --> OT1/lmr/bx/it on input line 37.
LaTeX Font Info:    Overwriting math alphabet `\mathtt' in version `bold'
(Font)                  OT1/cmtt/m/n --> OT1/lmtt/m/n on input line 38.
)
(/usr/share/texlive/texmf-dist/tex/latex/cite/cite.sty
LaTeX Info: Redefining \cite on input line 302.
LaTeX Info: Redefining \nocite on input line 332.
Package: cite 2015/02/27  v 5.5
)
(/usr/share/texlive/texmf-dist/tex/latex/microtype/microtype.sty
Package: microtype 2023/03/13 v3.1a Micro-typographical refinements (RS)

(/usr/share/texlive/texmf-dist/tex/latex/graphics/keyval.sty
Package: keyval 2022/05/29 v1.15 key=value parser (DPC)
\KV@toks@=\toks20
)
(/usr/share/texlive/texmf-dist/tex/latex/etoolbox/etoolbox.sty
Package: etoolbox 2020/10/05 v2.5k e-TeX tools for LaTeX (JAW)
\etb@tempcnta=\count268
)
\MT@toks=\toks21
\MT@tempbox=\box53
\MT@count=\count269
LaTeX Info: Redefining \noprotrusionifhmode on input line 1059.
LaTeX Info: Redefining \leftprotrusion on input line 1060.
\MT@prot@toks=\toks22
LaTeX Info: Redefining \rightprotrusion on input line 1078.
LaTeX Info: Redefining \textls on input line 1368.
\MT@outer@kern=\dimen164
LaTeX Info: Redefining \textmicrotypecontext on input line 1988.
\MT@listname@count=\count270

(/usr/share/texlive/texmf-dist/tex/latex/microtype/microtype-pdftex.def
File: microtype-pdftex.def 2023/03/13 v3.1a Definitions specific to pdftex (RS)

LaTeX Info: Redefining \lsstyle on input line 902.
LaTeX Info: Redefining \lslig on input line 902.
\MT@outer@space=\skip51
)
Package microtype Info: Loading configuration file microtype.cfg.

(/usr/share/texlive/texmf-dist/tex/latex/microtype/microtype.cfg
File: microtype.cfg 2023/03/13 v3.1a microtype main configuration file (RS)
))
(/usr/share/texlive/texmf-dist/tex/latex/booktabs/booktabs.sty
Package: booktabs 2020/01/12 v1.61803398 Publication quality tables
\heavyrulewidth=\dimen165
\lightrulewidth=\dimen166
\cmidrulewidth=\dimen167
\belowrulesep=\dimen168
\belowbottomsep=\dimen169
\aboverulesep=\dimen170
\abovetopsep=\dimen171
\cmidrulesep=\dimen172
\cmidrulekern=\dimen173
\defaultaddspace=\dimen174
\@cmidla=\count271
\@cmidlb=\count272
\@aboverulesep=\dimen175
\@belowrulesep=\dimen176
\@thisruleclass=\count273
\@lastruleclass=\count274
\@thisrulewidth=\dimen177
)
(/usr/share/texlive/texmf-dist/tex/latex/tools/longtable.sty
Package: longtable 2023-11-01 v4.19 Multi-page Table package (DPC)
\LTleft=\skip52
\LTright=\skip53
\LTpre=\skip54
\LTpost=\skip55
\LTchunksize=\count275
\LTcapwidth=\dimen178
\LT@head=\box54
\LT@firsthead=\box55
\LT@foot=\box56
\LT@lastfoot=\box57
\LT@gbox=\box58
\LT@cols=\count276
\LT@rows=\count277
\c@LT@tables=\count278
\c@LT@chunks=\count279
\LT@p@ftn=\toks23
)
(/usr/share/texlive/texmf-dist/tex/latex/tools/array.sty
Package: array 2023/10/16 v2.5g Tabular extension package (FMi)
\col@sep=\dimen179
\ar@mcellbox=\box59
\extrarowheight=\dimen180
\NC@list=\toks24
\extratabsurround=\skip56
\backup@length=\skip57
\ar@cellbox=\box60
)
(/usr/share/texlive/texmf-dist/tex/latex/amsmath/amsmath.sty
Package: amsmath 2023/05/13 v2.17o AMS math features
\@mathmargin=\skip58

For additional information on amsmath, use the `?' option.
(/usr/share/texlive/texmf-dist/tex/latex/amsmath/amstext.sty
Package: amstext 2021/08/26 v2.01 AMS text

(/usr/share/texlive/texmf-dist/tex/latex/amsmath/amsgen.sty
File: amsgen.sty 1999/11/30 v2.0 generic functions
\@emptytoks=\toks25
\ex@=\dimen181
))
(/usr/share/texlive/texmf-dist/tex/latex/amsmath/amsbsy.sty
Package: amsbsy 1999/11/29 v1.2d Bold Symbols
\pmbraise@=\dimen182
)
(/usr/share/texlive/texmf-dist/tex/latex/amsmath/amsopn.sty
Package: amsopn 2022/04/08 v2.04 operator names
)
\inf@bad=\count280
LaTeX Info: Redefining \frac on input line 234.
\uproot@=\count281
\leftroot@=\count282
LaTeX Info: Redefining \overline on input line 399.
LaTeX Info: Redefining \colon on input line 410.
\classnum@=\count283
\DOTSCASE@=\count284
LaTeX Info: Redefining \ldots on input line 496.
LaTeX Info: Redefining \dots on input line 499.
LaTeX Info: Redefining \cdots on input line 620.
\Mathstrutbox@=\box61
\strutbox@=\box62
LaTeX Info: Redefining \big on input line 722.
LaTeX Info: Redefining \Big on input line 723.
LaTeX Info: Redefining \bigg on input line 724.
LaTeX Info: Redefining \Bigg on input line 725.
\big@size=\dimen183
LaTeX Font Info:    Redeclaring font encoding OML on input line 743.
LaTeX Font Info:    Redeclaring font encoding OMS on input line 744.
\macc@depth=\count285
LaTeX Info: Redefining \bmod on input line 905.
LaTeX Info: Redefining \pmod on input line 910.
LaTeX Info: Redefining \smash on input line 940.
LaTeX Info: Redefining \relbar on input line 970.
LaTeX Info: Redefining \Relbar on input line 971.
\c@MaxMatrixCols=\count286
\dotsspace@=\muskip16
\c@parentequation=\count287
\dspbrk@lvl=\count288
\tag@help=\toks26
\row@=\count289
\column@=\count290
\maxfields@=\count291
\andhelp@=\toks27
\eqnshift@=\dimen184
\alignsep@=\dimen185
\tagshift@=\dimen186
\tagwidth@=\dimen187
\totwidth@=\dimen188
\lineht@=\dimen189
\@envbody=\toks28
\multlinegap=\skip59
\multlinetaggap=\skip60
\mathdisplay@stack=\toks29
LaTeX Info: Redefining \[ on input line 2953.
LaTeX Info: Redefining \] on input line 2954.
)
(/usr/share/texlive/texmf-dist/tex/latex/amsfonts/amssymb.sty
Package: amssymb 2013/01/14 v3.01 AMS font symbols

(/usr/share/texlive/texmf-dist/tex/latex/amsfonts/amsfonts.sty
Package: amsfonts 2013/01/14 v3.01 Basic AMSFonts support
\symAMSa=\mathgroup4
\symAMSb=\mathgroup5
LaTeX Font Info:    Redeclaring math symbol \hbar on input line 98.
LaTeX Font Info:    Overwriting math alphabet `\mathfrak' in version `bold'
(Font)                  U/euf/m/n --> U/euf/b/n on input line 106.
))
(/usr/share/texlive/texmf-dist/tex/latex/graphics/graphicx.sty
Package: graphicx 2021/09/16 v1.2d Enhanced LaTeX Graphics (DPC,SPQR)

(/usr/share/texlive/texmf-dist/tex/latex/graphics/graphics.sty
Package: graphics 2022/03/10 v1.4e Standard LaTeX Graphics (DPC,SPQR)

(/usr/share/texlive/texmf-dist/tex/latex/graphics/trig.sty
Package: trig 2021/08/11 v1.11 sin cos tan (DPC)
)
(/usr/share/texlive/texmf-dist/tex/latex/graphics-cfg/graphics.cfg
File: graphics.cfg 2016/06/04 v1.11 sample graphics configuration
)
Package graphics Info: Driver file: pdftex.def on input line 107.

(/usr/share/texlive/texmf-dist/tex/latex/graphics-def/pdftex.def
File: pdftex.def 2022/09/22 v1.2b Graphics/color driver for pdftex
))
\Gin@req@height=\dimen190
\Gin@req@width=\dimen191
)
(/usr/share/texlive/texmf-dist/tex/latex/xcolor/xcolor.sty
Package: xcolor 2023/11/15 v3.01 LaTeX color extensions (UK)

(/usr/share/texlive/texmf-dist/tex/latex/graphics-cfg/color.cfg
File: color.cfg 2016/01/02 v1.6 sample color configuration
)
Package xcolor Info: Driver file: pdftex.def on input line 274.

(/usr/share/texlive/texmf-dist/tex/latex/graphics/mathcolor.ltx)
Package xcolor Info: Model `cmy' substituted by `cmy0' on input line 1350.
Package xcolor Info: Model `hsb' substituted by `rgb' on input line 1354.
Package xcolor Info: Model `RGB' extended on input line 1366.
Package xcolor Info: Model `HTML' substituted by `rgb' on input line 1368.
Package xcolor Info: Model `Hsb' substituted by `hsb' on input line 1369.
Package xcolor Info: Model `tHsb' substituted by `hsb' on input line 1370.
Package xcolor Info: Model `HSB' substituted by `hsb' on input line 1371.
Package xcolor Info: Model `Gray' substituted by `gray' on input line 1372.
Package xcolor Info: Model `wave' substituted by `hsb' on input line 1373.
)
(/usr/share/texlive/texmf-dist/tex/latex/hyperref/hyperref.sty
Package: hyperref 2024-01-20 v7.01h Hypertext links for LaTeX

(/usr/share/texlive/texmf-dist/tex/generic/iftex/iftex.sty
Package: iftex 2022/02/03 v1.0f TeX engine tests
)
(/usr/share/texlive/texmf-dist/tex/latex/kvsetkeys/kvsetkeys.sty
Package: kvsetkeys 2022-10-05 v1.19 Key value parser (HO)
)
(/usr/share/texlive/texmf-dist/tex/generic/kvdefinekeys/kvdefinekeys.sty
Package: kvdefinekeys 2019-12-19 v1.6 Define keys (HO)
)
(/usr/share/texlive/texmf-dist/tex/generic/pdfescape/pdfescape.sty
Package: pdfescape 2019/12/09 v1.15 Implements pdfTeX's escape features (HO)

(/usr/share/texlive/texmf-dist/tex/generic/ltxcmds/ltxcmds.sty
Package: ltxcmds 2023-12-04 v1.26 LaTeX kernel commands for general use (HO)
)
(/usr/share/texlive/texmf-dist/tex/generic/pdftexcmds/pdftexcmds.sty
Package: pdftexcmds 2020-06-27 v0.33 Utility functions of pdfTeX for LuaTeX (HO
)

(/usr/share/texlive/texmf-dist/tex/generic/infwarerr/infwarerr.sty
Package: infwarerr 2019/12/03 v1.5 Providing info/warning/error messages (HO)
)
Package pdftexcmds Info: \pdf@primitive is available.
Package pdftexcmds Info: \pdf@ifprimitive is available.
Package pdftexcmds Info: \pdfdraftmode found.
))
(/usr/share/texlive/texmf-dist/tex/latex/hycolor/hycolor.sty
Package: hycolor 2020-01-27 v1.10 Color options for hyperref/bookmark (HO)
)
(/usr/share/texlive/texmf-dist/tex/latex/auxhook/auxhook.sty
Package: auxhook 2019-12-17 v1.6 Hooks for auxiliary files (HO)
)
(/usr/share/texlive/texmf-dist/tex/latex/hyperref/nameref.sty
Package: nameref 2023-11-26 v2.56 Cross-referencing by name of section

(/usr/share/texlive/texmf-dist/tex/latex/refcount/refcount.sty
Package: refcount 2019/12/15 v3.6 Data extraction from label references (HO)
)
(/usr/share/texlive/texmf-dist/tex/generic/gettitlestring/gettitlestring.sty
Package: gettitlestring 2019/12/15 v1.6 Cleanup title references (HO)

(/usr/share/texlive/texmf-dist/tex/latex/kvoptions/kvoptions.sty
Package: kvoptions 2022-06-15 v3.15 Key value format for package options (HO)
))
\c@section@level=\count292
)
\@linkdim=\dimen192
\Hy@linkcounter=\count293
\Hy@pagecounter=\count294

(/usr/share/texlive/texmf-dist/tex/latex/hyperref/pd1enc.def
File: pd1enc.def 2024-01-20 v7.01h Hyperref: PDFDocEncoding definition (HO)
Now handling font encoding PD1 ...
... no UTF-8 mapping file for font encoding PD1
)
(/usr/share/texlive/texmf-dist/tex/generic/intcalc/intcalc.sty
Package: intcalc 2019/12/15 v1.3 Expandable calculations with integers (HO)
)
\Hy@SavedSpaceFactor=\count295

(/usr/share/texlive/texmf-dist/tex/latex/hyperref/puenc.def
File: puenc.def 2024-01-20 v7.01h Hyperref: PDF Unicode definition (HO)
Now handling font encoding PU ...
... no UTF-8 mapping file for font encoding PU
)
Package hyperref Info: Hyper figures OFF on input line 4179.
Package hyperref Info: Link nesting OFF on input line 4184.
Package hyperref Info: Hyper index ON on input line 4187.
Package hyperref Info: Plain pages OFF on input line 4194.
Package hyperref Info: Backreferencing OFF on input line 4199.
Package hyperref Info: Implicit mode ON; LaTeX internals redefined.
Package hyperref Info: Bookmarks ON on input line 4446.
\c@Hy@tempcnt=\count296

(/usr/share/texlive/texmf-dist/tex/latex/url/url.sty
\Urlmuskip=\muskip17
Package: url 2013/09/16  ver 3.4  Verb mode for urls, etc.
)
LaTeX Info: Redefining \url on input line 4784.
\XeTeXLinkMargin=\dimen193

(/usr/share/texlive/texmf-dist/tex/generic/bitset/bitset.sty
Package: bitset 2019/12/09 v1.3 Handle bit-vector datatype (HO)

(/usr/share/texlive/texmf-dist/tex/generic/bigintcalc/bigintcalc.sty
Package: bigintcalc 2019/12/15 v1.5 Expandable calculations on big integers (HO
)
))
\Fld@menulength=\count297
\Field@Width=\dimen194
\Fld@charsize=\dimen195
Package hyperref Info: Hyper figures OFF on input line 6063.
Package hyperref Info: Link nesting OFF on input line 6068.
Package hyperref Info: Hyper index ON on input line 6071.
Package hyperref Info: backreferencing OFF on input line 6078.
Package hyperref Info: Link coloring OFF on input line 6083.
Package hyperref Info: Link coloring with OCG OFF on input line 6088.
Package hyperref Info: PDF/A mode OFF on input line 6093.

(/usr/share/texlive/texmf-dist/tex/latex/base/atbegshi-ltx.sty
Package: atbegshi-ltx 2021/01/10 v1.0c Emulation of the original atbegshi
package with kernel methods
)
\Hy@abspage=\count298
\c@Item=\count299
\c@Hfootnote=\count300
)
Package hyperref Info: Driver (autodetected): hpdftex.

(/usr/share/texlive/texmf-dist/tex/latex/hyperref/hpdftex.def
File: hpdftex.def 2024-01-20 v7.01h Hyperref driver for pdfTeX

(/usr/share/texlive/texmf-dist/tex/latex/base/atveryend-ltx.sty
Package: atveryend-ltx 2020/08/19 v1.0a Emulation of the original atveryend pac
kage
with kernel methods
)
\Fld@listcount=\count301
\c@bookmark@seq@number=\count302

(/usr/share/texlive/texmf-dist/tex/latex/rerunfilecheck/rerunfilecheck.sty
Package: rerunfilecheck 2022-07-10 v1.10 Rerun checks for auxiliary files (HO)

(/usr/share/texlive/texmf-dist/tex/generic/uniquecounter/uniquecounter.sty
Package: uniquecounter 2019/12/15 v1.4 Provide unlimited unique counter (HO)
)
Package uniquecounter Info: New unique counter `rerunfilecheck' on input line 2
85.
)
\Hy@SectionHShift=\skip61
)
Package hyperref Info: Option `colorlinks' set `true' on input line 23.
LaTeX Font Info:    Trying to load font information for T1+lmr on input line 32
.

(/usr/share/texmf/tex/latex/lm/t1lmr.fd
File: t1lmr.fd 2015/05/01 v1.6.1 Font defs for Latin Modern
)
(/usr/share/texlive/texmf-dist/tex/latex/l3backend/l3backend-pdftex.def
File: l3backend-pdftex.def 2024-01-04 L3 backend support: PDF output (pdfTeX)
\l__color_backend_stack_int=\count303
\l__pdf_internal_box=\box63
)
(./main.aux)
\openout1 = `main.aux'.

LaTeX Font Info:    Checking defaults for OML/cmm/m/it on input line 32.
LaTeX Font Info:    ... okay on input line 32.
LaTeX Font Info:    Checking defaults for OMS/cmsy/m/n on input line 32.
LaTeX Font Info:    ... okay on input line 32.
LaTeX Font Info:    Checking defaults for OT1/cmr/m/n on input line 32.
LaTeX Font Info:    ... okay on input line 32.
LaTeX Font Info:    Checking defaults for T1/cmr/m/n on input line 32.
LaTeX Font Info:    ... okay on input line 32.
LaTeX Font Info:    Checking defaults for TS1/cmr/m/n on input line 32.
LaTeX Font Info:    ... okay on input line 32.
LaTeX Font Info:    Checking defaults for OMX/cmex/m/n on input line 32.
LaTeX Font Info:    ... okay on input line 32.
LaTeX Font Info:    Checking defaults for U/cmr/m/n on input line 32.
LaTeX Font Info:    ... okay on input line 32.
LaTeX Font Info:    Checking defaults for PD1/pdf/m/n on input line 32.
LaTeX Font Info:    ... okay on input line 32.
LaTeX Font Info:    Checking defaults for PU/pdf/m/n on input line 32.
LaTeX Font Info:    ... okay on input line 32.

-- Lines per column: 56 (exact).
LaTeX Info: Redefining \microtypecontext on input line 32.
Package microtype Info: Applying patch `item' on input line 32.
Package microtype Info: Applying patch `toc' on input line 32.
Package microtype Info: Applying patch `eqnum' on input line 32.
Package microtype Info: Applying patch `footnote' on input line 32.
Package microtype Info: Applying patch `verbatim' on input line 32.
Package microtype Info: Generating PDF output.
Package microtype Info: Character protrusion enabled (level 2).
Package microtype Info: Using default protrusion set `alltext'.
Package microtype Info: Automatic font expansion enabled (level 2),
(microtype)             stretch: 20, shrink: 20, step: 1, non-selected.
Package microtype Info: Using default expansion set `alltext-nott'.
LaTeX Info: Redefining \showhyphens on input line 32.
Package microtype Info: No adjustment of tracking.
Package microtype Info: No adjustment of interword spacing.
Package microtype Info: No adjustment of character kerning.
(/usr/share/texlive/texmf-dist/tex/latex/microtype/mt-cmr.cfg
File: mt-cmr.cfg 2013/05/19 v2.2 microtype config. file: Computer Modern Roman 
(RS)
)
(/usr/share/texlive/texmf-dist/tex/context/base/mkii/supp-pdf.mkii
[Loading MPS to PDF converter (version 2006.09.02).]
\scratchcounter=\count304
\scratchdimen=\dimen196
\scratchbox=\box64
\nofMPsegments=\count305
\nofMParguments=\count306
\everyMPshowfont=\toks30
\MPscratchCnt=\count307
\MPscratchDim=\dimen197
\MPnumerator=\count308
\makeMPintoPDFobject=\count309
\everyMPtoPDFconversion=\toks31
) (/usr/share/texlive/texmf-dist/tex/latex/epstopdf-pkg/epstopdf-base.sty
Package: epstopdf-base 2020-01-24 v2.11 Base part for package epstopdf
Package epstopdf-base Info: Redefining graphics rule for `.eps' on input line 4
85.

(/usr/share/texlive/texmf-dist/tex/latex/latexconfig/epstopdf-sys.cfg
File: epstopdf-sys.cfg 2010/07/13 v1.3 Configuration of (r)epstopdf for TeX Liv
e
))
Package hyperref Info: Link coloring ON on input line 32.

(./main.out) (./main.out)
\@outlinefile=\write3
\openout3 = `main.out'.

LaTeX Font Info:    Trying to load font information for OT1+lmr on input line 3
7.
 (/usr/share/texmf/tex/latex/lm/ot1lmr.fd
File: ot1lmr.fd 2015/05/01 v1.6.1 Font defs for Latin Modern
)
LaTeX Font Info:    Trying to load font information for OML+lmm on input line 3
7.

(/usr/share/texmf/tex/latex/lm/omllmm.fd
File: omllmm.fd 2015/05/01 v1.6.1 Font defs for Latin Modern
)
LaTeX Font Info:    Trying to load font information for OMS+lmsy on input line 
37.

(/usr/share/texmf/tex/latex/lm/omslmsy.fd
File: omslmsy.fd 2015/05/01 v1.6.1 Font defs for Latin Modern
)
LaTeX Font Info:    Trying to load font information for OMX+lmex on input line 
37.

(/usr/share/texmf/tex/latex/lm/omxlmex.fd
File: omxlmex.fd 2015/05/01 v1.6.1 Font defs for Latin Modern
)
LaTeX Font Info:    External font `lmex10' loaded for size
(Font)              <9> on input line 37.
LaTeX Font Info:    External font `lmex10' loaded for size
(Font)              <6> on input line 37.
LaTeX Font Info:    External font `lmex10' loaded for size
(Font)              <5> on input line 37.
LaTeX Font Info:    Trying to load font information for U+msa on input line 37.


(/usr/share/texlive/texmf-dist/tex/latex/amsfonts/umsa.fd
File: umsa.fd 2013/01/14 v3.01 AMS symbols A
)
(/usr/share/texlive/texmf-dist/tex/latex/microtype/mt-msa.cfg
File: mt-msa.cfg 2006/02/04 v1.1 microtype config. file: AMS symbols (a) (RS)
)
LaTeX Font Info:    Trying to load font information for U+msb on input line 37.


(/usr/share/texlive/texmf-dist/tex/latex/amsfonts/umsb.fd
File: umsb.fd 2013/01/14 v3.01 AMS symbols B
)
(/usr/share/texlive/texmf-dist/tex/latex/microtype/mt-msb.cfg
File: mt-msb.cfg 2005/06/01 v1.0 microtype config. file: AMS symbols (b) (RS)
)
LaTeX Font Info:    Trying to load font information for T1+lmtt on input line 3
7.

(/usr/share/texmf/tex/latex/lm/t1lmtt.fd
File: t1lmtt.fd 2015/05/01 v1.6.1 Font defs for Latin Modern
)
LaTeX Font Info:    Font shape `T1/lmtt/bx/n' in size <9> not available
(Font)              Font shape `T1/lmtt/b/n' tried instead on input line 37.
Package microtype Info: Loading generic protrusion settings for font family
(microtype)             `lmtt' (encoding: T1).
(microtype)             For optimal results, create family-specific settings.
(microtype)             See the microtype manual for details.
 (./sections/01_introduction.tex
Package microtype Info: Character `029' is missing
(microtype)             in font `T1/lmr/m/sc/10'.
(microtype)             Ignoring protrusion settings for this character.

Underfull \hbox (badness 10000) in paragraph at lines 7--8
[]\T1/lmr/m/n/10 (+20) Preparacion de datos e im-a-genes en
 []


Underfull \hbox (badness 5189) in paragraph at lines 9--10
[]\T1/lmr/m/n/10 (+20) Inferencia, rerank-ing y ex-port de sub-mis-sion
 []


Underfull \hbox (badness 10000) in paragraph at lines 9--10
\T1/lmr/m/n/10 (+20) en \T1/lmtt/m/n/10 src/ \T1/lmr/m/n/10 (+20) (\T1/lmtt/m/n
/10 infer*.py\T1/lmr/m/n/10 (+20) , \T1/lmtt/m/n/10 rerank/train_mlp.py\T1/lmr/
m/n/10 (+20) ,
 []

) (./sections/02_data.tex
Overfull \hbox (22.67963pt too wide) in paragraph at lines 12--12
[]|\T1/lmtt/m/n/9 data/bundles_dataset.csv| 
 []


Overfull \hbox (22.67963pt too wide) in paragraph at lines 13--13
[]|\T1/lmtt/m/n/9 data/product_dataset.csv| 
 []


Overfull \hbox (79.37952pt too wide) in paragraph at lines 14--14
[]|\T1/lmtt/m/n/9 data/bundles_product_match_train.csv| 
 []


Underfull \hbox (badness 10000) in paragraph at lines 14--15
[]|\T1/lmr/m/n/9 (+20) Enlaces su-per-visa-dos bundle-
 []


Overfull \hbox (74.65453pt too wide) in paragraph at lines 15--15
[]|\T1/lmtt/m/n/9 data/bundles_product_match_test.csv| 
 []


Underfull \hbox (badness 3439) in paragraph at lines 15--16
[]|\T1/lmr/m/n/9 (+20) Plantilla de test para pre-de-cir
 []


Overfull \hbox (3.83954pt too wide) in paragraph at lines 8--18
 [][] 
 []

Package microtype Info: Character `029' is missing
(microtype)             in font `T1/lmr/m/sc/8'.
(microtype)             Ignoring protrusion settings for this character.
LaTeX Font Info:    External font `lmex10' loaded for size
(Font)              <10> on input line 26.
LaTeX Font Info:    External font `lmex10' loaded for size
(Font)              <7> on input line 26.
) (./sections/03_method.tex
Underfull \hbox (badness 10000) in paragraph at lines 24--25
[]\T1/lmr/m/n/10 (+20) reranker MLP en-tre-nado en
 []


Underfull \hbox (badness 10000) in paragraph at lines 25--26
[]\T1/lmr/m/n/10 (+20) fusion de sub-mis-sions por RRF en
 []


Underfull \hbox (badness 10000) in paragraph at lines 35--36
[]\T1/lmr/m/n/10 (+20) filtrado por sec-cion + clasi-fi-ca-cion zero-shot
 []


Underfull \hbox (badness 10000) in paragraph at lines 35--36
\T1/lmr/m/n/10 (+20) de cat-e-go-ria por crop + boost se-man-tico
 []

[1{/var/lib/texmf/fonts/map/pdftex/updmap/pdftex.map}{/usr/share/texmf/fonts/en
c/dvips/lm/lm-ec.enc}


{/usr/share/texmf/fonts/enc/dvips/lm/lm-mathsy.enc}{/usr/share/texmf/fonts/enc/
dvips/lm/lm-mathit.enc}{/usr/share/texmf/fonts/enc/dvips/lm/lm-rm.enc}]
Underfull \hbox (badness 1603) in paragraph at lines 37--38
[]\T1/lmr/m/n/10 (+20) rerank tem-po-ral por prox-im-i-dad de times-tamps
 []


Underfull \hbox (badness 10000) in paragraph at lines 37--38
\T1/lmr/m/n/10 (+20) ex-trai-dos de URL (\T1/lmtt/m/n/10 src/new_infer.py\T1/lm
r/m/n/10 (+20) ,
 []

) (./sections/04_implementation.tex
Overfull \hbox (50.40125pt too wide) in paragraph at lines 25--25
[]|\T1/lmtt/m/n/9 src/models/retrieval_openclip.py| 
 []


Overfull \hbox (7.87633pt too wide) in paragraph at lines 31--31
[]|\T1/lmtt/m/n/9 src/rerank/train_mlp.py| 
 []


Underfull \hbox (badness 10000) in paragraph at lines 32--33
[]|\T1/lmr/m/n/9 (+20) Rerankers de post-procesado
 []


Underfull \hbox (badness 1867) in paragraph at lines 33--34
[]|\T1/lmr/m/n/9 (+20) Ensemble de sub-mis-sions por
 []


Overfull \hbox (31.50128pt too wide) in paragraph at lines 34--34
[]|\T1/lmtt/m/n/9 src/utils/preprocess_data.py| 
 []


Overfull \hbox (31.50128pt too wide) in paragraph at lines 35--35
[]|\T1/lmtt/m/n/9 src/utils/offline_augment.py| 
 []


Underfull \hbox (badness 7064) in paragraph at lines 35--36
[]|\T1/lmr/m/n/9 (+20) Aumento of-fline de-ter-min-ista
 []


Overfull \hbox (3.83954pt too wide) in paragraph at lines 20--40
 [][] 
 []


LaTeX Warning: `h' float specifier changed to `ht'.


Underfull \hbox (badness 3158) in paragraph at lines 54--54
\T1/lmr/bx/n/9 (+20) Marqo Fash-ion
 []


Underfull \hbox (badness 10000) in paragraph at lines 54--55
[]|\T1/lmr/m/n/9 (+20) Backend ac-tual de
 []


Underfull \hbox (badness 10000) in paragraph at lines 54--55
\T1/lmr/m/n/9 (+20) en-tre-namiento e
 []


Underfull \hbox (badness 10000) in paragraph at lines 54--55
\T1/lmr/m/n/9 (+20) in-fer-en-cia mul-ti-modal
 []


Underfull \hbox (badness 1616) in paragraph at lines 55--56
\T1/lmr/m/n/9 (+20) de em-bed-dings y zero-
 []


Underfull \hbox (badness 10000) in paragraph at lines 56--56
[]|\T1/lmr/bx/n/9 (+20) Torchvision
 []


Underfull \hbox (badness 10000) in paragraph at lines 56--56
\T1/lmr/bx/n/9 (+20) CNNs
 []


Overfull \hbox (59.7428pt too wide) in paragraph at lines 56--56
\T1/lmr/m/n/9 (-20) (ResNet18/ResNet50/EfficientNet-
 []


Overfull \hbox (15.83954pt too wide) in paragraph at lines 49--59
 [][] 
 []


Underfull \hbox (badness 1917) in paragraph at lines 65--66
[]\T1/lmr/m/n/10 (+20) Para cap-turar ob-je-tos den-tro del bun-dle se in-te-
 []


Underfull \hbox (badness 10000) in paragraph at lines 72--72
[]|\T1/lmr/bx/n/9 (+20) Componente
 []


Overfull \hbox (12.31815pt too wide) in paragraph at lines 72--72
[]|\T1/lmr/bx/n/9 (-20) Implementacion| 
 []


Overfull \hbox (15.11847pt too wide) in paragraph at lines 74--74
[]|\T1/lmtt/m/n/9 src/detection.py| 
 []


Underfull \hbox (badness 10000) in paragraph at lines 75--76
[]|\T1/lmr/m/n/9 (+20) Control de
 []


Underfull \hbox (badness 10000) in paragraph at lines 75--76
\T1/lmr/m/n/9 (+20) pre-ci-sion/cobertura
 []


Underfull \hbox (badness 10000) in paragraph at lines 75--76
\T1/lmr/m/n/9 (+20) de ca-jas antes del
 []


Underfull \hbox (badness 10000) in paragraph at lines 76--76
[]|\T1/lmr/m/n/9 (+20) Fallback im-a-gen
 []


Underfull \hbox (badness 10000) in paragraph at lines 76--77
[]|\T1/lmr/m/n/9 (+20) Garantiza in-fer-en-cia
 []


Underfull \hbox (badness 10000) in paragraph at lines 76--77
\T1/lmr/m/n/9 (+20) cuando no hay
 []


Overfull \hbox (15.84338pt too wide) in paragraph at lines 70--79
 [][] 
 []


LaTeX Warning: `h' float specifier changed to `ht'.

LaTeX Font Info:    External font `lmex10' loaded for size
(Font)              <8> on input line 99.

Overfull \hbox (10.15942pt too wide) in paragraph at lines 110--111
[]\T1/lmr/m/n/10 (-20) En en-tre-namiento (\T1/lmtt/m/n/10 src/models/retrieval
_openclip.py\T1/lmr/m/n/10 (-20) )
 []

[2{/usr/share/texmf/fonts/enc/dvips/lm/lm-rm.enc}{/usr/share/texmf/fonts/enc/dv
ips/lm/lm-mathit.enc}]) (./sections/04_implementation.tex
Underfull \hbox (badness 1748) in paragraph at lines 11--12
[]\T1/lmtt/m/n/10 python -m src.infer_top1\T1/lmr/m/n/10 (+20) : in-fer-en-cia 
top-1 por
 []


Overfull \hbox (5.98604pt too wide) in paragraph at lines 25--25
[]|\T1/lmtt/m/n/9 retrieval_openclip.py| 
 []


Overfull \hbox (5.98604pt too wide) in paragraph at lines 32--32
[]|\T1/lmtt/m/n/9 feature_extractors.py| 
 []


Underfull \hbox (badness 10000) in paragraph at lines 32--33
[]|\T1/lmr/m/n/9 (+20) Baselines de em-bed-dings con
 []


Overfull \hbox (20.16101pt too wide) in paragraph at lines 35--35
[]|\T1/lmtt/m/n/9 check_link_timestamps.py| 
 []


Overfull \hbox (3.83954pt too wide) in paragraph at lines 20--38
 [][] 
 []


Underfull \hbox (badness 10000) in paragraph at lines 51--52
[]|\T1/lmr/m/n/9 (+20) Implementacion de
 []


Underfull \hbox (badness 10000) in paragraph at lines 51--52
\T1/lmr/m/n/9 (+20) pipelines de datos,
 []


Underfull \hbox (badness 10000) in paragraph at lines 51--52
\T1/lmr/m/n/9 (+20) en-tre-namiento e
 []


Overfull \hbox (4.09523pt too wide) in paragraph at lines 52--53
[]|\T1/lmr/m/n/9 (-20) Entrenamiento/inferencia,
 []


Underfull \hbox (badness 10000) in paragraph at lines 52--53
\T1/lmr/m/n/9 (+20) au-tod-iff, AMP y
 []


Underfull \hbox (badness 10000) in paragraph at lines 53--53
[]|\T1/lmr/m/n/9 (+20) Model
 []


Underfull \hbox (badness 10000) in paragraph at lines 53--54
\T1/lmr/m/n/9 (+20) (ResNet18/50,
 []


Underfull \hbox (badness 10000) in paragraph at lines 54--54
[]|\T1/lmr/m/n/9 (+20) OpenCLIP
 []


Overfull \hbox (13.84273pt too wide) in paragraph at lines 54--54
\T1/lmr/m/n/9 (-20) (\T1/lmtt/m/n/9 open_clip_torch\T1/lmr/m/n/9 (-20) )| 
 []


Underfull \hbox (badness 10000) in paragraph at lines 54--54
[]|\T1/lmr/m/n/9 (+20) Multimodal
 []


Underfull \hbox (badness 7944) in paragraph at lines 54--55
[]|\T1/lmr/m/n/9 (+20) Backend prin-ci-pal de
 []


Underfull \hbox (badness 10000) in paragraph at lines 56--56
[]|\T1/lmr/m/n/9 (+20) Hydra
 []


Underfull \hbox (badness 2799) in paragraph at lines 56--57
\T1/lmr/m/n/9 (+20) ru-tas y sal-i-das re-pro-
 []


Underfull \hbox (badness 10000) in paragraph at lines 57--57
[]|\T1/lmr/m/n/9 (+20) UltralyticsPlus
 []


Underfull \hbox (badness 10000) in paragraph at lines 58--58
[]|\T1/lmr/m/n/9 (+20) FAISS
 []


Underfull \hbox (badness 10000) in paragraph at lines 58--59
[]|\T1/lmr/m/n/9 (+20) Aceleracion de
 []


Underfull \hbox (badness 3826) in paragraph at lines 59--60
\T1/lmr/m/n/9 (+20) op-era-ciones vec-to-ri-ales
 []


Underfull \hbox (badness 3557) in paragraph at lines 60--61
[]|\T1/lmr/m/n/9 (+20) Lectura y trans-for-ma-
 []


Underfull \hbox (badness 3323) in paragraph at lines 62--63
[]|\T1/lmr/m/n/9 (+20) Descarga y val-i-da-cion
 []


Underfull \hbox (badness 2573) in paragraph at lines 63--63
[]|\T1/lmr/m/n/9 (+20) LaTeX (IEEE-
 []


Underfull \hbox (badness 10000) in paragraph at lines 63--63
[]|\T1/lmr/m/n/9 (+20) Documentacion
 []


Underfull \hbox (badness 1655) in paragraph at lines 63--64
[]|\T1/lmr/m/n/9 (+20) Paper de metodolo-gia,
 []


Underfull \hbox (badness 10000) in paragraph at lines 63--64
\T1/lmr/m/n/9 (+20) ar-qui-tec-tura y
 []


Overfull \hbox (15.83954pt too wide) in paragraph at lines 47--66
 [][] 
 []


LaTeX Warning: `h' float specifier changed to `ht'.

) (./sections/05_experiments.tex
Underfull \hbox (badness 10000) in paragraph at lines 20--21
[]\T1/lmtt/m/n/10 retrieval_openclip/best.pt\T1/lmr/m/n/10 (+20) , \T1/lmtt/m/n
/10 epoch_X.pt\T1/lmr/m/n/10 (+20) ,
 []

) (./sections/06_reproducibility.tex
Underfull \hbox (badness 2608) in paragraph at lines 5--6
[]\T1/lmr/m/n/10 (+20) Dependencias base en \T1/lmtt/m/n/10 requirements.txt\T1
/lmr/m/n/10 (+20) : \T1/lmtt/m/n/10 pandas\T1/lmr/m/n/10 (+20) ,
 []


Underfull \hbox (badness 1721) in paragraph at lines 5--6
\T1/lmtt/m/n/10 numpy\T1/lmr/m/n/10 (+20) , \T1/lmtt/m/n/10 pillow\T1/lmr/m/n/1
0 (+20) , \T1/lmtt/m/n/10 tqdm\T1/lmr/m/n/10 (+20) , \T1/lmtt/m/n/10 requests\T
1/lmr/m/n/10 (+20) , \T1/lmtt/m/n/10 hydra-core\T1/lmr/m/n/10 (+20) , \T1/lmtt/
m/n/10 torch\T1/lmr/m/n/10 (+20) ,
 []

) (./sections/07_limitations.tex) (./sections/08_conclusion.tex [2])
(./main.bbl) (./sections/A_appendix_commands.tex
Overfull \hbox (52.49911pt too wide) in paragraph at lines 36--36
[]  \T1/lmtt/m/n/10 --bundles_manifest data/manifests/train_manifest.jsonl \[] 

 []


Overfull \hbox (52.49911pt too wide) in paragraph at lines 51--51
[]\T1/lmtt/m/n/10 python -m src.infer infer.checkpoint_path=<ruta_a_best.pt>[] 

 []


Overfull \hbox (73.49905pt too wide) in paragraph at lines 56--56
[]\T1/lmtt/m/n/10 python -m src.new_infer infer.checkpoint_path=<ruta_a_best.pt
>[] 
 []


Overfull \hbox (89.24901pt too wide) in paragraph at lines 61--61
[]\T1/lmtt/m/n/10 python -m src.infer_phase1 infer.checkpoint_path=<ruta_a_best
.pt>[] 
 []


Overfull \hbox (78.74904pt too wide) in paragraph at lines 66--66
[]\T1/lmtt/m/n/10 python -m src.infer_top1 infer.checkpoint_path=<ruta_a_best.p
t>[] 
 []


Overfull \hbox (15.74922pt too wide) in paragraph at lines 73--73
[]  \T1/lmtt/m/n/10 --checkpoint outputs/retrieval_openclip/best.pt \[] 
 []


Overfull \hbox (62.99908pt too wide) in paragraph at lines 73--73
[]  \T1/lmtt/m/n/10 --submission-out outputs/retrieval_openclip/submission.csv[
] 
 []


Overfull \hbox (115.49893pt too wide) in paragraph at lines 82--82
[]  \T1/lmtt/m/n/10 --query-embeddings artifacts/embeddings/train_bundle_embedd
ings.pt \[] 
 []


Overfull \hbox (31.49918pt too wide) in paragraph at lines 82--82
[]  \T1/lmtt/m/n/10 --product-embeddings outputs/product_embeddings.pt \[] 
 []


Overfull \hbox (20.9992pt too wide) in paragraph at lines 82--82
[]  \T1/lmtt/m/n/10 --train-csv data/bundles_product_match_train.csv \[] 
 []


Overfull \hbox (73.49905pt too wide) in paragraph at lines 88--88
[]\T1/lmtt/m/n/10 python src/ensemble_csv.py outputs/sub1.csv outputs/sub2.csv 
\[] 
 []


Overfull \hbox (10.49924pt too wide) in paragraph at lines 95--95
[]  \T1/lmtt/m/n/10 --out-csv outputs/ts_date_alignment_report.csv \[] 
 []

)

** Conference Paper **
Before submitting the final camera ready copy, remember to:

 1. Manually equalize the lengths of two columns on the last page
 of your paper;

 2. Ensure that any PostScript and/or PDF output post-processing
 uses only Type 1 fonts and that every step in the generation
 process uses the appropriate paper size.

[3] (./main.aux)
 ***********
LaTeX2e <2023-11-01> patch level 1
L3 programming layer <2024-01-22>
 ***********
Package rerunfilecheck Info: File `main.out' has not changed.
(rerunfilecheck)             Checksum: 8793E6683DF022DD529900BE816CA77F;6011.
 ) 
Here is how much of TeX's memory you used:
 13889 strings out of 474222
 219727 string characters out of 5748732
 1951975 words of memory out of 5000000
 35712 multiletter control sequences out of 15000+600000
 773494 words of font info for 216 fonts, out of 8000000 for 9000
 1141 hyphenation exceptions out of 8191
 75i,10n,79p,1001b,558s stack positions out of 10000i,1000n,20000p,200000b,200000s
</usr/share/texmf/fonts/type1/public/lm/lmbx10.pfb></usr/share/texmf/fonts/ty
pe1/public/lm/lmbx9.pfb></usr/share/texmf/fonts/type1/public/lm/lmbxi10.pfb></u
sr/share/texmf/fonts/type1/public/lm/lmcsc10.pfb></usr/share/texmf/fonts/type1/
public/lm/lmmi10.pfb></usr/share/texmf/fonts/type1/public/lm/lmmi7.pfb></usr/sh
are/texmf/fonts/type1/public/lm/lmr10.pfb></usr/share/texmf/fonts/type1/public/
lm/lmr12.pfb></usr/share/texmf/fonts/type1/public/lm/lmr17.pfb></usr/share/texm
f/fonts/type1/public/lm/lmr7.pfb></usr/share/texmf/fonts/type1/public/lm/lmr8.p
fb></usr/share/texmf/fonts/type1/public/lm/lmr9.pfb></usr/share/texmf/fonts/typ
e1/public/lm/lmri10.pfb></usr/share/texmf/fonts/type1/public/lm/lmri8.pfb></usr
/share/texmf/fonts/type1/public/lm/lmsy10.pfb></usr/share/texmf/fonts/type1/pub
lic/lm/lmsy7.pfb></usr/share/texmf/fonts/type1/public/lm/lmsy9.pfb></usr/share/
texmf/fonts/type1/public/lm/lmtk10.pfb></usr/share/texmf/fonts/type1/public/lm/
lmtt10.pfb></usr/share/texmf/fonts/type1/public/lm/lmtt9.pfb>
Output written on main.pdf (3 pages, 408583 bytes).
PDF statistics:
 319 PDF objects out of 1000 (max. 8388607)
 270 compressed objects within 3 object streams
 59 named destinations out of 1000 (max. 500000)
 44857 words of extra memory for PDF output out of 51595 (max. 10000000)

